2024-09-08T00:33:26.275+05:30  INFO 9720 --- [user] [main] com.btidab.user.UserApplication          : Starting UserApplication using Java 17.0.12 with PID 9720 (C:\Users\chish\git\repository3\user\target\classes started by chish in C:\Users\chish\git\repository3\user)
2024-09-08T00:33:26.278+05:30 DEBUG 9720 --- [user] [main] com.btidab.user.UserApplication          : Running with Spring Boot v3.3.2, Spring v6.1.11
2024-09-08T00:33:26.280+05:30  INFO 9720 --- [user] [main] com.btidab.user.UserApplication          : No active profile set, falling back to 1 default profile: "default"
2024-09-08T00:33:27.322+05:30  INFO 9720 --- [user] [main] .s.d.r.c.RepositoryConfigurationDelegate : Bootstrapping Spring Data JPA repositories in DEFAULT mode.
2024-09-08T00:33:27.441+05:30  INFO 9720 --- [user] [main] .s.d.r.c.RepositoryConfigurationDelegate : Finished Spring Data repository scanning in 86 ms. Found 2 JPA repository interfaces.
2024-09-08T00:33:28.328+05:30  INFO 9720 --- [user] [main] o.s.b.w.embedded.tomcat.TomcatWebServer  : Tomcat initialized with port 8080 (http)
2024-09-08T00:33:28.343+05:30  INFO 9720 --- [user] [main] o.apache.catalina.core.StandardService   : Starting service [Tomcat]
2024-09-08T00:33:28.344+05:30  INFO 9720 --- [user] [main] o.apache.catalina.core.StandardEngine    : Starting Servlet engine: [Apache Tomcat/10.1.26]
2024-09-08T00:33:28.445+05:30  INFO 9720 --- [user] [main] o.a.c.c.C.[Tomcat].[localhost].[/]       : Initializing Spring embedded WebApplicationContext
2024-09-08T00:33:28.447+05:30  INFO 9720 --- [user] [main] w.s.c.ServletWebServerApplicationContext : Root WebApplicationContext: initialization completed in 2096 ms
2024-09-08T00:33:28.709+05:30  INFO 9720 --- [user] [main] o.hibernate.jpa.internal.util.LogHelper  : HHH000204: Processing PersistenceUnitInfo [name: default]
2024-09-08T00:33:28.779+05:30  INFO 9720 --- [user] [main] org.hibernate.Version                    : HHH000412: Hibernate ORM core version 6.5.2.Final
2024-09-08T00:33:28.845+05:30  INFO 9720 --- [user] [main] o.h.c.internal.RegionFactoryInitiator    : HHH000026: Second-level cache disabled
2024-09-08T00:33:29.217+05:30  INFO 9720 --- [user] [main] o.s.o.j.p.SpringPersistenceUnitInfo      : No LoadTimeWeaver setup: ignoring JPA class transformer
2024-09-08T00:33:29.255+05:30  INFO 9720 --- [user] [main] com.zaxxer.hikari.HikariDataSource       : HikariPool-1 - Starting...
2024-09-08T00:33:29.684+05:30  INFO 9720 --- [user] [main] com.zaxxer.hikari.pool.HikariPool        : HikariPool-1 - Added connection com.mysql.cj.jdbc.ConnectionImpl@eded048
2024-09-08T00:33:29.686+05:30  INFO 9720 --- [user] [main] com.zaxxer.hikari.HikariDataSource       : HikariPool-1 - Start completed.
2024-09-08T00:33:29.735+05:30  WARN 9720 --- [user] [main] org.hibernate.orm.deprecation            : HHH90000025: MySQL8Dialect does not need to be specified explicitly using 'hibernate.dialect' (remove the property setting and it will be selected by default)
2024-09-08T00:33:29.736+05:30  WARN 9720 --- [user] [main] org.hibernate.orm.deprecation            : HHH90000026: MySQL8Dialect has been deprecated; use org.hibernate.dialect.MySQLDialect instead
2024-09-08T00:33:30.924+05:30  INFO 9720 --- [user] [main] o.h.e.t.j.p.i.JtaPlatformInitiator       : HHH000489: No JTA platform available (set 'hibernate.transaction.jta.platform' to enable JTA platform integration)
2024-09-08T00:33:30.982+05:30  INFO 9720 --- [user] [main] j.LocalContainerEntityManagerFactoryBean : Initialized JPA EntityManagerFactory for persistence unit 'default'
2024-09-08T00:33:31.369+05:30  WARN 9720 --- [user] [main] JpaBaseConfiguration$JpaWebConfiguration : spring.jpa.open-in-view is enabled by default. Therefore, database queries may be performed during view rendering. Explicitly configure spring.jpa.open-in-view to disable this warning
2024-09-08T00:33:31.877+05:30  INFO 9720 --- [user] [main] o.s.b.w.embedded.tomcat.TomcatWebServer  : Tomcat started on port 8080 (http) with context path '/'
2024-09-08T00:33:31.891+05:30  INFO 9720 --- [user] [main] com.btidab.user.UserApplication          : Started UserApplication in 6.205 seconds (process running for 6.631)
2024-09-08T00:33:33.685+05:30  INFO 9720 --- [user] [http-nio-8080-exec-2] o.a.c.c.C.[Tomcat].[localhost].[/]       : Initializing Spring DispatcherServlet 'dispatcherServlet'
2024-09-08T00:33:33.686+05:30  INFO 9720 --- [user] [http-nio-8080-exec-2] o.s.web.servlet.DispatcherServlet        : Initializing Servlet 'dispatcherServlet'
2024-09-08T00:33:33.692+05:30  INFO 9720 --- [user] [http-nio-8080-exec-2] o.s.web.servlet.DispatcherServlet        : Completed initialization in 4 ms
2024-09-08T00:33:33.824+05:30  INFO 9720 --- [user] [http-nio-8080-exec-2] c.btidab.user.controller.UserController  : getalluser executed successfully
2024-09-08T00:33:33.826+05:30  INFO 9720 --- [user] [http-nio-8080-exec-2] com.btidab.user.service.StatService      : creating or checking if Stat data is present
2024-09-08T00:33:34.192+05:30  INFO 9720 --- [user] [http-nio-8080-exec-2] com.btidab.user.service.StatService      : saving stats data into database
2024-09-08T00:33:34.193+05:30  INFO 9720 --- [user] [http-nio-8080-exec-2] com.btidab.user.service.StatService      : getall incremented, count 30
2024-09-08T00:33:34.193+05:30 DEBUG 9720 --- [user] [http-nio-8080-exec-2] com.btidab.user.service.StatService      : detailed debug info: getall stat incremented successfully
2024-09-08T00:33:34.194+05:30 DEBUG 9720 --- [user] [http-nio-8080-exec-2] com.btidab.user.service.UserService      : incremented stat.getall count: com.btidab.user.model.StatModel@6a8a2a50
2024-09-08T00:33:34.194+05:30  INFO 9720 --- [user] [http-nio-8080-exec-2] com.btidab.user.service.StatService      : creating or checking if Stat data is present
2024-09-08T00:33:34.219+05:30  INFO 9720 --- [user] [http-nio-8080-exec-2] com.btidab.user.service.StatService      : saving stats data into database
2024-09-08T00:33:34.220+05:30  INFO 9720 --- [user] [http-nio-8080-exec-2] com.btidab.user.service.StatService      : getall incremented, count 31
2024-09-08T00:33:34.221+05:30 DEBUG 9720 --- [user] [http-nio-8080-exec-2] com.btidab.user.service.StatService      : detailed debug info: getall stat incremented successfully
2024-09-08T00:33:34.221+05:30  INFO 9720 --- [user] [http-nio-8080-exec-2] com.btidab.user.service.UserService      : retreived alluser data
2024-09-08T00:33:47.826+05:30  INFO 9720 --- [user] [http-nio-8080-exec-1] c.btidab.user.controller.UserController  : getalluser executed successfully
2024-09-08T00:33:47.827+05:30  INFO 9720 --- [user] [http-nio-8080-exec-1] com.btidab.user.service.StatService      : creating or checking if Stat data is present
2024-09-08T00:33:47.854+05:30  INFO 9720 --- [user] [http-nio-8080-exec-1] com.btidab.user.service.StatService      : saving stats data into database
2024-09-08T00:33:47.854+05:30  INFO 9720 --- [user] [http-nio-8080-exec-1] com.btidab.user.service.StatService      : getall incremented, count 32
2024-09-08T00:33:47.854+05:30 DEBUG 9720 --- [user] [http-nio-8080-exec-1] com.btidab.user.service.StatService      : detailed debug info: getall stat incremented successfully
2024-09-08T00:33:47.854+05:30 DEBUG 9720 --- [user] [http-nio-8080-exec-1] com.btidab.user.service.UserService      : incremented stat.getall count: com.btidab.user.model.StatModel@60710719
2024-09-08T00:33:47.854+05:30  INFO 9720 --- [user] [http-nio-8080-exec-1] com.btidab.user.service.StatService      : creating or checking if Stat data is present
2024-09-08T00:33:47.865+05:30  INFO 9720 --- [user] [http-nio-8080-exec-1] com.btidab.user.service.StatService      : saving stats data into database
2024-09-08T00:33:47.866+05:30  INFO 9720 --- [user] [http-nio-8080-exec-1] com.btidab.user.service.StatService      : getall incremented, count 33
2024-09-08T00:33:47.866+05:30 DEBUG 9720 --- [user] [http-nio-8080-exec-1] com.btidab.user.service.StatService      : detailed debug info: getall stat incremented successfully
2024-09-08T00:33:47.866+05:30  INFO 9720 --- [user] [http-nio-8080-exec-1] com.btidab.user.service.UserService      : retreived alluser data
2024-09-08T00:33:48.795+05:30  INFO 9720 --- [user] [http-nio-8080-exec-5] c.btidab.user.controller.UserController  : getalluser executed successfully
2024-09-08T00:33:48.796+05:30  INFO 9720 --- [user] [http-nio-8080-exec-5] com.btidab.user.service.StatService      : creating or checking if Stat data is present
2024-09-08T00:33:48.812+05:30  INFO 9720 --- [user] [http-nio-8080-exec-5] com.btidab.user.service.StatService      : saving stats data into database
2024-09-08T00:33:48.813+05:30  INFO 9720 --- [user] [http-nio-8080-exec-5] com.btidab.user.service.StatService      : getall incremented, count 34
2024-09-08T00:33:48.813+05:30 DEBUG 9720 --- [user] [http-nio-8080-exec-5] com.btidab.user.service.StatService      : detailed debug info: getall stat incremented successfully
2024-09-08T00:33:48.813+05:30 DEBUG 9720 --- [user] [http-nio-8080-exec-5] com.btidab.user.service.UserService      : incremented stat.getall count: com.btidab.user.model.StatModel@3d7b3003
2024-09-08T00:33:48.813+05:30  INFO 9720 --- [user] [http-nio-8080-exec-5] com.btidab.user.service.StatService      : creating or checking if Stat data is present
2024-09-08T00:33:48.827+05:30  INFO 9720 --- [user] [http-nio-8080-exec-5] com.btidab.user.service.StatService      : saving stats data into database
2024-09-08T00:33:48.827+05:30  INFO 9720 --- [user] [http-nio-8080-exec-5] com.btidab.user.service.StatService      : getall incremented, count 35
2024-09-08T00:33:48.827+05:30 DEBUG 9720 --- [user] [http-nio-8080-exec-5] com.btidab.user.service.StatService      : detailed debug info: getall stat incremented successfully
2024-09-08T00:33:48.827+05:30  INFO 9720 --- [user] [http-nio-8080-exec-5] com.btidab.user.service.UserService      : retreived alluser data
2024-09-08T01:17:17.106+05:30  WARN 9720 --- [user] [HikariPool-1 housekeeper] com.zaxxer.hikari.pool.HikariPool        : HikariPool-1 - Thread starvation or clock leap detected (housekeeper delta=24m17s28ms779µs599ns).
2024-09-08T01:42:03.611+05:30  INFO 22236 --- [user] [main] com.btidab.user.UserApplicationTests     : Starting UserApplicationTests using Java 17.0.12 with PID 22236 (started by chish in C:\Users\chish\git\repository3\user)
2024-09-08T01:42:03.612+05:30 DEBUG 22236 --- [user] [main] com.btidab.user.UserApplicationTests     : Running with Spring Boot v3.3.2, Spring v6.1.11
2024-09-08T01:42:03.613+05:30  INFO 22236 --- [user] [main] com.btidab.user.UserApplicationTests     : No active profile set, falling back to 1 default profile: "default"
2024-09-08T01:42:04.153+05:30  INFO 22236 --- [user] [main] .s.d.r.c.RepositoryConfigurationDelegate : Bootstrapping Spring Data JPA repositories in DEFAULT mode.
2024-09-08T01:42:04.216+05:30  INFO 22236 --- [user] [main] .s.d.r.c.RepositoryConfigurationDelegate : Finished Spring Data repository scanning in 55 ms. Found 2 JPA repository interfaces.
2024-09-08T01:42:04.624+05:30  INFO 22236 --- [user] [main] o.hibernate.jpa.internal.util.LogHelper  : HHH000204: Processing PersistenceUnitInfo [name: default]
2024-09-08T01:42:04.675+05:30  INFO 22236 --- [user] [main] org.hibernate.Version                    : HHH000412: Hibernate ORM core version 6.5.2.Final
2024-09-08T01:42:04.707+05:30  INFO 22236 --- [user] [main] o.h.c.internal.RegionFactoryInitiator    : HHH000026: Second-level cache disabled
2024-09-08T01:42:04.995+05:30  INFO 22236 --- [user] [main] o.s.o.j.p.SpringPersistenceUnitInfo      : No LoadTimeWeaver setup: ignoring JPA class transformer
2024-09-08T01:42:05.034+05:30  INFO 22236 --- [user] [main] com.zaxxer.hikari.HikariDataSource       : HikariPool-1 - Starting...
2024-09-08T01:42:05.290+05:30  INFO 22236 --- [user] [main] com.zaxxer.hikari.pool.HikariPool        : HikariPool-1 - Added connection com.mysql.cj.jdbc.ConnectionImpl@77ba583
2024-09-08T01:42:05.292+05:30  INFO 22236 --- [user] [main] com.zaxxer.hikari.HikariDataSource       : HikariPool-1 - Start completed.
2024-09-08T01:42:05.329+05:30  WARN 22236 --- [user] [main] org.hibernate.orm.deprecation            : HHH90000025: MySQL8Dialect does not need to be specified explicitly using 'hibernate.dialect' (remove the property setting and it will be selected by default)
2024-09-08T01:42:05.330+05:30  WARN 22236 --- [user] [main] org.hibernate.orm.deprecation            : HHH90000026: MySQL8Dialect has been deprecated; use org.hibernate.dialect.MySQLDialect instead
2024-09-08T01:42:05.998+05:30  INFO 22236 --- [user] [main] o.h.e.t.j.p.i.JtaPlatformInitiator       : HHH000489: No JTA platform available (set 'hibernate.transaction.jta.platform' to enable JTA platform integration)
2024-09-08T01:42:06.040+05:30  INFO 22236 --- [user] [main] j.LocalContainerEntityManagerFactoryBean : Initialized JPA EntityManagerFactory for persistence unit 'default'
2024-09-08T01:42:06.381+05:30  WARN 22236 --- [user] [main] JpaBaseConfiguration$JpaWebConfiguration : spring.jpa.open-in-view is enabled by default. Therefore, database queries may be performed during view rendering. Explicitly configure spring.jpa.open-in-view to disable this warning
2024-09-08T01:42:06.730+05:30  WARN 22236 --- [user] [main] .s.s.UserDetailsServiceAutoConfiguration : 

Using generated security password: 46a7b957-f66f-4253-a357-7ee7e963950a

This generated password is for development use only. Your security configuration must be updated before running your application in production.

2024-09-08T01:42:06.747+05:30  INFO 22236 --- [user] [main] r$InitializeUserDetailsManagerConfigurer : Global AuthenticationManager configured with UserDetailsService bean with name inMemoryUserDetailsManager
2024-09-08T01:42:06.880+05:30  INFO 22236 --- [user] [main] com.btidab.user.UserApplicationTests     : Started UserApplicationTests in 3.487 seconds (process running for 4.21)
2024-09-08T01:42:07.372+05:30  INFO 22236 --- [user] [SpringApplicationShutdownHook] j.LocalContainerEntityManagerFactoryBean : Closing JPA EntityManagerFactory for persistence unit 'default'
2024-09-08T01:42:07.374+05:30  INFO 22236 --- [user] [SpringApplicationShutdownHook] com.zaxxer.hikari.HikariDataSource       : HikariPool-1 - Shutdown initiated...
2024-09-08T01:42:07.381+05:30  INFO 22236 --- [user] [SpringApplicationShutdownHook] com.zaxxer.hikari.HikariDataSource       : HikariPool-1 - Shutdown completed.
2024-09-08T02:11:04.499+05:30  INFO 22076 --- [user] [main] com.btidab.user.UserApplication          : Starting UserApplication using Java 17.0.12 with PID 22076 (C:\Users\chish\git\repository3\user\target\classes started by chish in C:\Users\chish\git\repository3\user)
2024-09-08T02:11:04.500+05:30 DEBUG 22076 --- [user] [main] com.btidab.user.UserApplication          : Running with Spring Boot v3.3.2, Spring v6.1.11
2024-09-08T02:11:04.501+05:30  INFO 22076 --- [user] [main] com.btidab.user.UserApplication          : No active profile set, falling back to 1 default profile: "default"
2024-09-08T02:11:05.137+05:30  INFO 22076 --- [user] [main] .s.d.r.c.RepositoryConfigurationDelegate : Bootstrapping Spring Data JPA repositories in DEFAULT mode.
2024-09-08T02:11:05.198+05:30  INFO 22076 --- [user] [main] .s.d.r.c.RepositoryConfigurationDelegate : Finished Spring Data repository scanning in 53 ms. Found 2 JPA repository interfaces.
2024-09-08T02:11:05.735+05:30  INFO 22076 --- [user] [main] o.s.b.w.embedded.tomcat.TomcatWebServer  : Tomcat initialized with port 8080 (http)
2024-09-08T02:11:05.744+05:30  INFO 22076 --- [user] [main] o.apache.catalina.core.StandardService   : Starting service [Tomcat]
2024-09-08T02:11:05.744+05:30  INFO 22076 --- [user] [main] o.apache.catalina.core.StandardEngine    : Starting Servlet engine: [Apache Tomcat/10.1.26]
2024-09-08T02:11:05.801+05:30  INFO 22076 --- [user] [main] o.a.c.c.C.[Tomcat].[localhost].[/]       : Initializing Spring embedded WebApplicationContext
2024-09-08T02:11:05.802+05:30  INFO 22076 --- [user] [main] w.s.c.ServletWebServerApplicationContext : Root WebApplicationContext: initialization completed in 1252 ms
2024-09-08T02:11:05.961+05:30  INFO 22076 --- [user] [main] o.hibernate.jpa.internal.util.LogHelper  : HHH000204: Processing PersistenceUnitInfo [name: default]
2024-09-08T02:11:06.014+05:30  INFO 22076 --- [user] [main] org.hibernate.Version                    : HHH000412: Hibernate ORM core version 6.5.2.Final
2024-09-08T02:11:06.050+05:30  INFO 22076 --- [user] [main] o.h.c.internal.RegionFactoryInitiator    : HHH000026: Second-level cache disabled
2024-09-08T02:11:06.302+05:30  INFO 22076 --- [user] [main] o.s.o.j.p.SpringPersistenceUnitInfo      : No LoadTimeWeaver setup: ignoring JPA class transformer
2024-09-08T02:11:06.335+05:30  INFO 22076 --- [user] [main] com.zaxxer.hikari.HikariDataSource       : HikariPool-1 - Starting...
2024-09-08T02:11:06.589+05:30  INFO 22076 --- [user] [main] com.zaxxer.hikari.pool.HikariPool        : HikariPool-1 - Added connection com.mysql.cj.jdbc.ConnectionImpl@10b87ff6
2024-09-08T02:11:06.591+05:30  INFO 22076 --- [user] [main] com.zaxxer.hikari.HikariDataSource       : HikariPool-1 - Start completed.
2024-09-08T02:11:06.626+05:30  WARN 22076 --- [user] [main] org.hibernate.orm.deprecation            : HHH90000025: MySQL8Dialect does not need to be specified explicitly using 'hibernate.dialect' (remove the property setting and it will be selected by default)
2024-09-08T02:11:06.627+05:30  WARN 22076 --- [user] [main] org.hibernate.orm.deprecation            : HHH90000026: MySQL8Dialect has been deprecated; use org.hibernate.dialect.MySQLDialect instead
2024-09-08T02:11:07.290+05:30  INFO 22076 --- [user] [main] o.h.e.t.j.p.i.JtaPlatformInitiator       : HHH000489: No JTA platform available (set 'hibernate.transaction.jta.platform' to enable JTA platform integration)
2024-09-08T02:11:07.331+05:30  INFO 22076 --- [user] [main] j.LocalContainerEntityManagerFactoryBean : Initialized JPA EntityManagerFactory for persistence unit 'default'
2024-09-08T02:11:07.579+05:30  WARN 22076 --- [user] [main] JpaBaseConfiguration$JpaWebConfiguration : spring.jpa.open-in-view is enabled by default. Therefore, database queries may be performed during view rendering. Explicitly configure spring.jpa.open-in-view to disable this warning
2024-09-08T02:11:07.908+05:30  WARN 22076 --- [user] [main] .s.s.UserDetailsServiceAutoConfiguration : 

Using generated security password: d6e2fc79-ed0e-4843-997f-2c59143bf955

This generated password is for development use only. Your security configuration must be updated before running your application in production.

2024-09-08T02:11:07.915+05:30  INFO 22076 --- [user] [main] r$InitializeUserDetailsManagerConfigurer : Global AuthenticationManager configured with UserDetailsService bean with name inMemoryUserDetailsManager
2024-09-08T02:11:08.083+05:30  INFO 22076 --- [user] [main] o.s.b.w.embedded.tomcat.TomcatWebServer  : Tomcat started on port 8080 (http) with context path '/'
2024-09-08T02:11:08.090+05:30  INFO 22076 --- [user] [main] com.btidab.user.UserApplication          : Started UserApplication in 3.989 seconds (process running for 4.28)
2024-09-08T02:11:33.577+05:30  INFO 22076 --- [user] [http-nio-8080-exec-1] o.a.c.c.C.[Tomcat].[localhost].[/]       : Initializing Spring DispatcherServlet 'dispatcherServlet'
2024-09-08T02:11:33.577+05:30  INFO 22076 --- [user] [http-nio-8080-exec-1] o.s.web.servlet.DispatcherServlet        : Initializing Servlet 'dispatcherServlet'
2024-09-08T02:11:33.578+05:30  INFO 22076 --- [user] [http-nio-8080-exec-1] o.s.web.servlet.DispatcherServlet        : Completed initialization in 1 ms
